<?xml version="1.0" encoding="UTF-8"?>
<testsuite xmlns:xsi="http://www.w3.org/2001/XMLSchema-instance" xsi:noNamespaceSchemaLocation="https://maven.apache.org/surefire/maven-surefire-plugin/xsd/surefire-test-report-3.0.xsd" version="3.0" name="iteration2.api.TransferMoneyTest" time="3.04" tests="1" errors="0" skipped="0" failures="0">
  <properties>
[...]
</properties>
  <testcase name="userCanTransferMoneyTest" classname="iteration2.api.TransferMoneyTest" time="3.017">
    <system-out><![CDATA[Thread ForkJoinPool-1-worker-6: Test finished iteration2.api.userCanTransferMoneyTest(), test duration: 2795 ms
Request method:	GET
Request URI:	http://host.docker.internal:4111/api/v1/admin/users
Proxy:			<none>
Request params:	<none>
Query params:	<none>
Form params:	<none>
Path params:	<none>
Headers:		Accept=application/json, application/javascript, text/javascript, text/json
				Authorization=Basic YWRtaW46YWRtaW4=
				Content-Type=application/json
Cookies:		<none>
Multiparts:		<none>
Body:			<none>
Thread ForkJoinPool-1-worker-7: Test finished iteration2.api.userCanDepositMoneyTest(), test duration: 2819 ms
Request method:	GET
Request URI:	http://host.docker.internal:4111/api/v1/admin/users
Proxy:			<none>
Request params:	<none>
Query params:	<none>
Form params:	<none>
Path params:	<none>
Headers:		Accept=application/json, application/javascript, text/javascript, text/json
				Authorization=Basic YWRtaW46YWRtaW4=
				Content-Type=application/json
Cookies:		<none>
Multiparts:		<none>
Body:			<none>
HTTP/1.1 200 
Vary: Origin
Vary: Access-Control-Request-Method
Vary: Access-Control-Request-Headers
X-Content-Type-Options: nosniff
X-XSS-Protection: 0
Cache-Control: no-cache, no-store, max-age=0, must-revalidate
Pragma: no-cache
Expires: 0
X-Frame-Options: DENY
Content-Type: application/json
Transfer-Encoding: chunked
Date: Wed, 22 Oct 2025 08:12:15 GMT
Keep-Alive: timeout=60
Connection: keep-alive

[
    {
        "id": 1,
        "username": "kFXa6ACr0s",
        "password": "$2a$10$5nFatwZfEpq5QDMPPchFG.pVm9b9a7giSuBDKcnr5xrIiwdTWGUgC",
        "name": null,
        "role": "USER",
        "accounts": [
            
        ]
    },
    {
        "id": 2,
        "username": "5JCZ5d3tN",
        "password": "$2a$10$r7Gfu9R6POxCVYHxa14Yh.41NFnbmE4iIpWJO0.vfwrV46nqQGWTe",
        "name": "nwQj FQPP",
        "role": "USER",
        "accounts": [
            
        ]
    },
    {
        "id": 3,
        "username": "IVX",
        "password": "$2a$10$4dLuTBySD7haU2hkDYsS1e13SAjQmvKcYQMGRhnFAGS1Vixf1c4jm",
        "name": null,
        "role": "USER",
        "accounts": [
            
        ]
    },
    {
        "id": 4,
        "username": "Wd7lKl4dk",
        "password": "$2a$10$O0ckF3qOezGQTlcM8O3ZQeLJ4PhEpZZlVFJXeUW2E1TuLmwRzSxRK",
        "name": null,
        "role": "USER",
        "accounts": [
            {
                "id": 7,
                "accountNumber": "ACC7",
                "balance": 0.0,
                "transactions": [
                    
                ]
            }
        ]
    },
    {
        "id": 5,
        "username": "6mysaC6OZzskg",
        "password": "$2a$10$joDvyHu8hJr5YY3OJC44K.nk2sLnMnDHLj5W0TAp0x5buMYFUSDHK",
        "name": null,
        "role": "USER",
        "accounts": [
            {
                "id": 3,
                "accountNumber": "ACC3",
                "balance": 1002.0,
                "transactions": [
                    {
                        "id": 14,
                        "amount": 305.0,
                        "type": "TRANSFER_OUT",
                        "timestamp": "Wed Oct 22 08:09:19 UTC 2025",
                        "relatedAccountId": 11
                    },
                    {
                        "id": 4,
                        "amount": 1307.0,
                        "type": "DEPOSIT",
                        "timestamp": "Wed Oct 22 08:09:10 UTC 2025",
                        "relatedAccountId": 3
                    }
                ]
            },
            {
                "id": 11,
                "accountNumber": "ACC11",
                "balance": 305.0,
                "transactions": [
                    {
                        "id": 15,
                        "amount": 305.0,
                        "type": "TRANSFER_IN",
                        "timestamp": "Wed Oct 22 08:09:19 UTC 2025",
                        "relatedAccountId": 3
                    }
                ]
            }
        ]
    },
    {
        "id": 6,
        "username": "Mr0QJgMKMRkbjOS",
        "password": "$2a$10$t5kf0QieSKfmLe1xQB3AE.aUc9GC8lCQLZUpbD7wNGkvtyoZswssW",
        "name": null,
        "role": "USER",
        "accounts": [
            {
                "id": 5,
                "accountNumber": "ACC5",
                "balance": 0.0,
                "transactions": [
                    
                ]
            }
        ]
    },
    {
        "id": 7,
        "username": "p9JXSAzELZHF70",
        "password": "$2a$10$09PYlrOz.Fh9neOjX.HgkuKThcJnUDIhfqlcBjsLFo3MFALU2DsiO",
        "name": null,
        "role": "USER",
        "accounts": [
            {
                "id": 10,
                "accountNumber": "ACC10",
                "balance": 0.0,
                "transactions": [
                    
                ]
            },
            {
                "id": 2,
                "accountNumber": "ACC2",
                "balance": 0.0,
                "transactions": [
                    
                ]
            }
        ]
    },
    {
        "id": 8,
        "username": "tb5",
        "password": "$2a$10$Sk6aPf9dC491ei/k719x7epfcuWMiX0/3asbjd8QWAuJva2XArJK6",
        "name": null,
        "role": "USER",
        "accounts": [
            
        ]
    },
    {
        "id": 9,
        "username": "NILMHNdZpWsChKs",
        "password": "$2a$10$/sBGgxaZn/.agTCNP9HQ3ence84WucyaPkLPDI1YFCPNbq7L2re2S",
        "name": null,
        "role": "USER",
        "accounts": [
            {
                "id": 8,
                "accountNumber": "ACC8",
                "balance": 0.0,
                "transactions": [
                    
                ]
            },
            {
                "id": 1,
                "accountNumber": "ACC1",
                "balance": 43.0,
                "transactions": [
                    {
                        "id": 2,
                        "amount": 43.0,
                        "type": "DEPOSIT",
                        "timestamp": "Wed Oct 22 08:09:10 UTC 2025",
                        "relatedAccountId": 1
                    }
                ]
            }
        ]
    },
    {
        "id": 10,
        "username": "Fgi6WwUzSE8",
        "password": "$2a$10$k9W8enIO1qQNcfKtKlfWqOrm8tosbj7mNMvCOOV9z1p67l5cjsNBu",
        "name": null,
        "role": "USER",
        "accounts": [
            {
                "id": 4,
                "accountNumber": "ACC4",
                "balance": 108.0,
                "transactions": [
                    {
                        "id": 3,
                        "amount": 141.0,
                        "type": "DEPOSIT",
                        "timestamp": "Wed Oct 22 08:09:10 UTC 2025",
                        "relatedAccountId": 4
                    },
                    {
                        "id": 5,
                        "amount": 33.0,
                        "type": "TRANSFER_OUT",
                        "timestamp": "Wed Oct 22 08:09:10 UTC 2025",
                        "relatedAccountId": 9
                    }
                ]
            },
            {
                "id": 9,
                "accountNumber": "ACC9",
                "balance": 33.0,
                "transactions": [
                    {
                        "id": 6,
                        "amount": 33.0,
                        "type": "TRANSFER_IN",
                        "timestamp": "Wed Oct 22 08:09:10 UTC 2025",
                        "relatedAccountId": 4
                    }
                ]
            }
        ]
    },
    {
        "id": 11,
        "username": "GLYkwVK4B",
        "password": "$2a$10$Xc/IRs5fUg6pBNciRrMx.uSelQpk7LH/UJWfiXzp2PwuiiWw3kUB2",
        "name": null,
        "role": "USER",
        "accounts": [
            {
                "id": 26,
                "accountNumber": "ACC26",
                "balance": 0.0,
                "transactions": [
                    
                ]
            }
        ]
    },
    {
        "id": 12,
        "username": "3767LD0",
        "password": "$2a$10$.LPU23UPW3ligcegbLJWmuHkVx4u3aCjE9ctkM.M01mtxKHMyjHFW",
        "name": null,
        "role": "USER",
        "accounts": [
            {
                "id": 6,
                "accountNumber": "ACC6",
                "balance": 4696.551259476446,
                "transactions": [
                    {
                        "id": 1,
                        "amount": 4696.551259476446,
                        "type": "DEPOSIT",
                        "timestamp": "Wed Oct 22 08:09:10 UTC 2025",
                        "relatedAccountId": 6
                    }
                ]
            }
        ]
    },
    {
        "id": 13,
        "username": "0YKEEJT7ksvI104",
        "password": "$2a$10$5vQuNiX54eu03fbbqkDRo.xOKx45EWzhPyS5DDvRjSbeH1BnoD7pq",
        "name": null,
        "role": "USER",
        "accounts": [
            {
                "id": 12,
                "accountNumber": "ACC12",
                "balance": 0.0,
                "transactions": [
                    
                ]
            }
        ]
    },
    {
        "id": 14,
        "username": "7ch5IxH",
        "password": "$2a$10$cDVDa/1KX1eqp6hk6/MREuOcb8XhHP2vwCk.sZCdW/QOUw0TrfxHK",
        "name": null,
        "role": "USER",
        "accounts": [
            
        ]
    },
    {
        "id": 15,
        "username": "uqjNYWkOrnDIrwg",
        "password": "$2a$10$zln7nftNpuuU2AJwiLFkTeHbmEPcNmF9bikOtvaUs7ojSP4GHCG0e",
        "name": null,
        "role": "USER",
        "accounts": [
            
        ]
    },
    {
        "id": 16,
        "username": "1qJYpdUp3e9",
        "password": "$2a$10$D.KAAqSzl17Fko7wLC00nO11qw8lwVaLGzJmc1.wbnRDgZ5G8kjHi",
        "name": "gzSLyjRN A",
        "role": "USER",
        "accounts": [
            
        ]
    },
    {
        "id": 17,
        "username": "ZYFrfQvG",
        "password": "$2a$10$acJtZ1FKDUu.eEo.VPLz3uQO0tVQLWo7xQBVvd.l85NX0fXv2YrCy",
        "name": null,
        "role": "USER",
        "accounts": [
            {
                "id": 13,
                "accountNumber": "ACC13",
                "balance": 0.0,
                "transactions": [
                    
                ]
            }
        ]
    },
    {
        "id": 18,
        "username": "aXQIQ",
        "password": "$2a$10$N6oCCjBByF.DM4LR6NXY/.rOVTOrsLSytqMNGNvmFQ3MDDAruFbbi",
        "name": null,
        "role": "USER",
        "accounts": [
            {
                "id": 14,
                "accountNumber": "ACC14",
                "balance": 5000.0,
                "transactions": [
                    {
                        "id": 16,
                        "amount": 5000.0,
                        "type": "DEPOSIT",
                        "timestamp": "Wed Oct 22 08:09:21 UTC 2025",
                        "relatedAccountId": 14
                    }
                ]
            }
        ]
    },
    {
        "id": 19,
        "username": "Sw5xTgq1llXqW3",
        "password": "$2a$10$J2NaywR0sWJbMqG0ajTc9uzUuzj8HMeaH6w7Wh.x1xZzjBq7it4p6",
        "name": null,
        "role": "USER",
        "accounts": [
            {
                "id": 19,
                "accountNumber": "ACC19",
                "balance": 0.0,
                "transactions": [
                    
                ]
            },
            {
                "id": 16,
                "accountNumber": "ACC16",
                "balance": 834.0,
                "transactions": [
                    {
                        "id": 9,
                        "amount": 834.0,
                        "type": "DEPOSIT",
                        "timestamp": "Wed Oct 22 08:09:12 UTC 2025",
                        "relatedAccountId": 16
                    }
                ]
            }
        ]
    },
    {
        "id": 20,
        "username": "enD3LYLZ5TJtpd",
        "password": "$2a$10$WODj4VDSemyjv.b56N494usNNmb78dHzz4LUqA3mkJZFG1vAho.L2",
        "name": null,
        "role": "USER",
        "accounts": [
            {
                "id": 15,
                "accountNumber": "ACC15",
                "balance": 0.0,
                "transactions": [
                    {
                        "id": 8,
                        "amount": 5000.0,
                        "type": "DEPOSIT",
                        "timestamp": "Wed Oct 22 08:09:12 UTC 2025",
                        "relatedAccountId": 15
                    },
                    {
                        "id": 17,
                        "amount": 10000.0,
                        "type": "TRANSFER_OUT",
                        "timestamp": "Wed Oct 22 08:09:27 UTC 2025",
                        "relatedAccountId": 17
                    },
                    {
                        "id": 7,
                        "amount": 5000.0,
                        "type": "DEPOSIT",
                        "timestamp": "Wed Oct 22 08:09:12 UTC 2025",
                        "relatedAccountId": 15
                    }
                ]
            },
            {
                "id": 17,
                "accountNumber": "ACC17",
                "balance": 10000.0,
                "transactions": [
                    {
                        "id": 18,
                        "amount": 10000.0,
                        "type": "TRANSFER_IN",
                        "timestamp": "Wed Oct 22 08:09:27 UTC 2025",
                        "relatedAccountId": 15
                    }
                ]
            }
        ]
    },
    {
        "id": 21,
        "username": "AeRK",
        "password": "$2a$10$XyeJv/0pvXClfnKHHM7RS.2ASEUb80zdalS23.soadssxgoB/D/Fe",
        "name": null,
        "role": "USER",
        "accounts": [
            {
                "id": 18,
                "accountNumber": "ACC18",
                "balance": 0.0,
                "transactions": [
                    
                ]
            }
        ]
    },
    {
        "id": 22,
        "username": "SYl1zXKY",
        "password": "$2a$10$nQdt.n53oI9ZbBVc9DTid.1/jeH4Fl7uKy.wbqpaKKl56dwY1ehyy",
        "name": null,
        "role": "USER",
        "accounts": [
            {
                "id": 20,
                "accountNumber": "ACC20",
                "balance": 779.0,
                "transactions": [
                    {
                        "id": 19,
                        "amount": 779.0,
                        "type": "DEPOSIT",
                        "timestamp": "Wed Oct 22 08:09:28 UTC 2025",
                        "relatedAccountId": 20
                    }
                ]
            }
        ]
    },
    {
        "id": 23,
        "username": "wI5bw40d",
        "password": "$2a$10$lfHwciU7R0ymqfE5v1xrg./sSUCAEiczbyiqPBpJ.p4sJI09/bBni",
        "name": null,
        "role": "USER",
        "accounts": [
            
        ]
    },
    {
        "id": 24,
        "username": "7y6qq8J",
        "password": "$2a$10$tkKKAQo2BrfvKJ62axMyXe.GI5oWye0oewdWu.euWV0CP/Do2TWFe",
        "name": null,
        "role": "USER",
        "accounts": [
            {
                "id": 21,
                "accountNumber": "ACC21",
                "balance": 0.0,
                "transactions": [
                    
                ]
            }
        ]
    },
    {
        "id": 25,
        "username": "j8yjX22PRgNVJwn",
        "password": "$2a$10$e7MeAA.t0H9b6JRP5f/xM.VXTmmMDgHBt96LS8uC3/qQ.e5kLT8Ee",
        "name": null,
        "role": "USER",
        "accounts": [
            {
                "id": 24,
                "accountNumber": "ACC24",
                "balance": 0.0,
                "transactions": [
                    
                ]
            },
            {
                "id": 22,
                "accountNumber": "ACC22",
                "balance": 94.0,
                "transactions": [
                    {
                        "id": 10,
                        "amount": 94.0,
                        "type": "DEPOSIT",
                        "timestamp": "Wed Oct 22 08:09:13 UTC 2025",
                        "relatedAccountId": 22
                    }
                ]
            }
        ]
    },
    {
        "id": 26,
        "username": "XkuCMAs",
        "password": "$2a$10$nwW9s9jPXbw44hmjbztuYOoTlMTf19vX2IEe8flhOZnATN.HaQUgG",
        "name": null,
        "role": "USER",
        "accounts": [
            {
                "id": 25,
                "accountNumber": "ACC25",
                "balance": 0.0,
                "transactions": [
                    
                ]
            },
            {
                "id": 23,
                "accountNumber": "ACC23",
                "balance": 15000.0,
                "transactions": [
                    {
                        "id": 12,
                        "amount": 5000.0,
                        "type": "DEPOSIT",
                        "timestamp": "Wed Oct 22 08:09:13 UTC 2025",
                        "relatedAccountId": 23
                    },
                    {
                        "id": 11,
                        "amount": 5000.0,
                        "type": "DEPOSIT",
                        "timestamp": "Wed Oct 22 08:09:13 UTC 2025",
                        "relatedAccountId": 23
                    },
                    {
                        "id": 13,
                        "amount": 5000.0,
                        "type": "DEPOSIT",
                        "timestamp": "Wed Oct 22 08:09:13 UTC 2025",
                        "relatedAccountId": 23
                    }
                ]
            }
        ]
    },
    {
        "id": 27,
        "username": "GVIt",
        "password": "$2a$10$nvSSqbUC/t9XjJXiIGXK4OWGgTfvz1TJ2zLxYK38neUsAW03feuBO",
        "name": null,
        "role": "USER",
        "accounts": [
            
        ]
    },
    {
        "id": 28,
        "username": "yZqhKD6Y",
        "password": "$2a$10$LTZ91YhM914fRSO.ATdhgeWhu65dmkmrzPx5aw8DyhROmT9ZtCI7e",
        "name": null,
        "role": "USER",
        "accounts": [
            
        ]
    },
    {
        "id": 29,
        "username": "374dIiH",
        "password": "$2a$10$kCd6i24C8KjzVWyzKkIRB.zVwMkEayypdakYgJV5C2mkvEIoPvoQy",
        "name": null,
        "role": "USER",
        "accounts": [
            {
                "id": 31,
                "accountNumber": "ACC31",
                "balance": 155.0,
                "transactions": [
                    {
                        "id": 34,
                        "amount": 155.0,
                        "type": "TRANSFER_IN",
                        "timestamp": "Wed Oct 22 08:10:23 UTC 2025",
                        "relatedAccountId": 28
                    }
                ]
            },
            {
                "id": 28,
                "accountNumber": "ACC28",
                "balance": 1260.0,
                "transactions": [
                    {
                        "id": 33,
                        "amount": 155.0,
                        "type": "TRANSFER_OUT",
                        "timestamp": "Wed Oct 22 08:10:23 UTC 2025",
                        "relatedAccountId": 31
                    },
                    {
                        "id": 21,
                        "amount": 1415.0,
                        "type": "DEPOSIT",
                        "timestamp": "Wed Oct 22 08:10:15 UTC 2025",
                        "relatedAccountId": 28
                    }
                ]
            }
        ]
    },
    {
        "id": 30,
        "username": "07WV8FU3LSeA6M",
        "password": "$2a$10$6H90XwRlTn34mLe6yxIPd.v2OocQQ65ZWebIGyWysYjID/p0b.AKy",
        "name": null,
        "role": "USER",
        "accounts": [
            
        ]
    },
    {
        "id": 31,
        "username": "Skqi0",
        "password": "$2a$10$0Ir5cVNlJvJRN45WKbBO9.kJkXzaaGz1Q3zFgo4tpANwzyHbD.ylW",
        "name": null,
        "role": "USER",
        "accounts": [
            
        ]
    },
    {
        "id": 32,
        "username": "N1B",
        "password": "$2a$10$fYZdVjSbnE6svQTAisO./e4i3hU9ZyzKqAPY8WGFQgHPhWMmy05VO",
        "name": null,
        "role": "USER",
        "accounts": [
            {
                "id": 52,
                "accountNumber": "ACC52",
                "balance": 0.0,
                "transactions": [
                    
                ]
            }
        ]
    },
    {
        "id": 33,
        "username": "FQwZWFPIul1r",
        "password": "$2a$10$L/24xlK34zb0gZUIXP29bu3bf1FahO0RIQpk1GOEyayTYo4jYaQcS",
        "name": null,
        "role": "USER",
        "accounts": [
            {
                "id": 29,
                "accountNumber": "ACC29",
                "balance": 102.0,
                "transactions": [
                    {
                        "id": 23,
                        "amount": 17.0,
                        "type": "TRANSFER_OUT",
                        "timestamp": "Wed Oct 22 08:10:15 UTC 2025",
                        "relatedAccountId": 34
                    },
                    {
                        "id": 22,
                        "amount": 119.0,
                        "type": "DEPOSIT",
                        "timestamp": "Wed Oct 22 08:10:15 UTC 2025",
                        "relatedAccountId": 29
                    }
                ]
            },
            {
                "id": 34,
                "accountNumber": "ACC34",
                "balance": 17.0,
                "transactions": [
                    {
                        "id": 24,
                        "amount": 17.0,
                        "type": "TRANSFER_IN",
                        "timestamp": "Wed Oct 22 08:10:15 UTC 2025",
                        "relatedAccountId": 29
                    }
                ]
            }
        ]
    },
    {
        "id": 34,
        "username": "5SBFsGfScsF",
        "password": "$2a$10$LgrqNcpVjW2hobbldRaIyOYmsteI8YAvWYT1TezPgOi1ngJxHo09a",
        "name": null,
        "role": "USER",
        "accounts": [
            {
                "id": 27,
                "accountNumber": "ACC27",
                "balance": 0.0,
                "transactions": [
                    
                ]
            }
        ]
    },
    {
        "id": 35,
        "username": "6QfWNu",
        "password": "$2a$10$N3g04yHPj79z8rno5IKkRexvycqdqwVnqqHPct9xC/jH6E38mrZ6i",
        "name": "ncLM wnvP",
        "role": "USER",
        "accounts": [
            
        ]
    },
    {
        "id": 36,
        "username": "18JTA",
        "password": "$2a$10$vS3bI3MJ6eLwix3BfWbwyu37NVfEUu2WxOO15hlC4HgIpx5NdN.vG",
        "name": null,
        "role": "USER",
        "accounts": [
            {
                "id": 33,
                "accountNumber": "ACC33",
                "balance": 35.0,
                "transactions": [
                    {
                        "id": 25,
                        "amount": 35.0,
                        "type": "DEPOSIT",
                        "timestamp": "Wed Oct 22 08:10:15 UTC 2025",
                        "relatedAccountId": 33
                    }
                ]
            },
            {
                "id": 36,
                "accountNumber": "ACC36",
                "balance": 0.0,
                "transactions": [
                    
                ]
            }
        ]
    },
    {
        "id": 37,
        "username": "JTU",
        "password": "$2a$10$PXX6W92vHTxermtGdR.Ul.yb.vdmXCXx.LFtpDmcTwGnCFjXaLP6q",
        "name": null,
        "role": "USER",
        "accounts": [
            {
                "id": 30,
                "accountNumber": "ACC30",
                "balance": 2360.6886470858713,
                "transactions": [
                    {
                        "id": 20,
                        "amount": 2360.6886470858713,
                        "type": "DEPOSIT",
                        "timestamp": "Wed Oct 22 08:10:15 UTC 2025",
                        "relatedAccountId": 30
                    }
                ]
            }
        ]
    },
    {
        "id": 38,
        "username": "d48qgH1",
        "password": "$2a$10$PvYklZQkiWQSNJk5jHuBAew1iVnU823e8Ue2UFaVKM1XBSUG2rDmm",
        "name": null,
        "role": "USER",
        "accounts": [
            {
                "id": 35,
                "accountNumber": "ACC35",
                "balance": 0.0,
                "transactions": [
                    
                ]
            },
            {
                "id": 32,
                "accountNumber": "ACC32",
                "balance": 0.0,
                "transactions": [
                    
                ]
            }
        ]
    },
    {
        "id": 39,
        "username": "TCypxaeeUfPh",
        "password": "$2a$10$l9m24.nvhhv5iUEL8tTwZ.pX1zFwJSTf5I9ElEfGNDBQ4dT1g69VK",
        "name": null,
        "role": "USER",
        "accounts": [
            
        ]
    },
    {
        "id": 40,
        "username": "XbzTowzqNDgqB",
        "password": "$2a$10$BAzBN5f.26U8jL2P.v3CNuubtTwkNTYsMu9w5t8vU4OqwFx6Qh44S",
        "name": null,
        "role": "USER",
        "accounts": [
            {
                "id": 37,
                "accountNumber": "ACC37",
                "balance": 0.0,
                "transactions": [
                    
                ]
            }
        ]
    },
    {
        "id": 41,
        "username": "P6Xnmagu5PwH",
        "password": "$2a$10$r58.WFCpEZTp1rCICeV6G.xCc46aSEyIUN7EicQqAJ4b3Q555UPK6",
        "name": null,
        "role": "USER",
        "accounts": [
            {
                "id": 38,
                "accountNumber": "ACC38",
                "balance": 0.0,
                "transactions": [
                    
                ]
            }
        ]
    },
    {
        "id": 42,
        "username": "2WIeY7nue52UTCA",
        "password": "$2a$10$75j5vk2ON5floeyXt/phmeEnDuEXGc2oxCqYoHda.8YqOcP53EGMC",
        "name": "lNbVRGVm A",
        "role": "USER",
        "accounts": [
            
        ]
    },
    {
        "id": 43,
        "username": "wnQT1u92WAFU8w",
        "password": "$2a$10$rUBI7j9MwcGayHh2Sjkkwe7GxwQTMhLjl.mOr12TqzcMxdAp3o5mi",
        "name": null,
        "role": "USER",
        "accounts": [
            
        ]
    },
    {
        "id": 44,
        "username": "jes5iD",
        "password": "$2a$10$F5fZPl5RT.SqjRZWZPmtnuZk9o33xyxC/WHQrzB7irmXQZEzRhXPK",
        "name": null,
        "role": "USER",
        "accounts": [
            {
                "id": 39,
                "accountNumber": "ACC39",
                "balance": 0.0,
                "transactions": [
                    
                ]
            }
        ]
    },
    {
        "id": 45,
        "username": "cmvTF",
        "password": "$2a$10$XqaMrT5h2bo5YhC003t15eTRBBAjy8.3MCIfmGXmLVCtBzVKF/0l6",
        "name": null,
        "role": "USER",
        "accounts": [
            {
                "id": 40,
                "accountNumber": "ACC40",
                "balance": 0.0,
                "transactions": [
                    
                ]
            }
        ]
    },
    {
        "id": 46,
        "username": "5MSUW",
        "password": "$2a$10$Ngt08RKdzbHoYWWtMX7RW.Jjq9kp2zjZ5pV.lgmdWImNrZxVG5bd6",
        "name": null,
        "role": "USER",
        "accounts": [
            {
                "id": 41,
                "accountNumber": "ACC41",
                "balance": 5000.0,
                "transactions": [
                    {
                        "id": 35,
                        "amount": 5000.0,
                        "type": "DEPOSIT",
                        "timestamp": "Wed Oct 22 08:10:28 UTC 2025",
                        "relatedAccountId": 41
                    }
                ]
            }
        ]
    },
    {
        "id": 47,
        "username": "YFftj3uKCittdZh",
        "password": "$2a$10$wY6QKJ2.lln8053dq5onZedTDbeEDalspLJqJMqGs/cidQvCgyz/K",
        "name": null,
        "role": "USER",
        "accounts": [
            {
                "id": 43,
                "accountNumber": "ACC43",
                "balance": 858.0,
                "transactions": [
                    {
                        "id": 36,
                        "amount": 858.0,
                        "type": "DEPOSIT",
                        "timestamp": "Wed Oct 22 08:10:29 UTC 2025",
                        "relatedAccountId": 43
                    }
                ]
            }
        ]
    },
    {
        "id": 48,
        "username": "DUWR4oyVrJswBM",
        "password": "$2a$10$bbz1gHbhExwzpMfdeC6L5ueGMU92JrjQhHULglMIAjHGGBILVv6za",
        "name": null,
        "role": "USER",
        "accounts": [
            {
                "id": 42,
                "accountNumber": "ACC42",
                "balance": 0.0,
                "transactions": [
                    
                ]
            }
        ]
    },
    {
        "id": 49,
        "username": "Z5CVrHCQieYeIw",
        "password": "$2a$10$Qujl.kuaCBprj27cj2SYmOCVajsLNK5pqGjCJC/Tm7aFpR6NQX45i",
        "name": null,
        "role": "USER",
        "accounts": [
            {
                "id": 45,
                "accountNumber": "ACC45",
                "balance": 633.0,
                "transactions": [
                    {
                        "id": 26,
                        "amount": 633.0,
                        "type": "DEPOSIT",
                        "timestamp": "Wed Oct 22 08:10:17 UTC 2025",
                        "relatedAccountId": 45
                    }
                ]
            },
            {
                "id": 47,
                "accountNumber": "ACC47",
                "balance": 0.0,
                "transactions": [
                    
                ]
            }
        ]
    },
    {
        "id": 50,
        "username": "0GBpFfgflh",
        "password": "$2a$10$nC9y26JnvNyDN3kxXTqjBu68BMxbljg8H69aNjrQTvl2/qb6.ykZy",
        "name": null,
        "role": "USER",
        "accounts": [
            {
                "id": 44,
                "accountNumber": "ACC44",
                "balance": 0.0,
                "transactions": [
                    {
                        "id": 37,
                        "amount": 10000.0,
                        "type": "TRANSFER_OUT",
                        "timestamp": "Wed Oct 22 08:10:34 UTC 2025",
                        "relatedAccountId": 48
                    },
                    {
                        "id": 27,
                        "amount": 5000.0,
                        "type": "DEPOSIT",
                        "timestamp": "Wed Oct 22 08:10:17 UTC 2025",
                        "relatedAccountId": 44
                    },
                    {
                        "id": 29,
                        "amount": 5000.0,
                        "type": "DEPOSIT",
                        "timestamp": "Wed Oct 22 08:10:18 UTC 2025",
                        "relatedAccountId": 44
                    }
                ]
            },
            {
                "id": 48,
                "accountNumber": "ACC48",
                "balance": 10000.0,
                "transactions": [
                    {
                        "id": 38,
                        "amount": 10000.0,
                        "type": "TRANSFER_IN",
                        "timestamp": "Wed Oct 22 08:10:34 UTC 2025",
                        "relatedAccountId": 44
                    }
                ]
            }
        ]
    },
    {
        "id": 51,
        "username": "ZkeLT2knvflr5Q",
        "password": "$2a$10$OBrlvkoo3ivw5VEC4qRkxOFCM1Q9HubLT4ucfAxqcYhiBiKcj4qc.",
        "name": null,
        "role": "USER",
        "accounts": [
            
        ]
    },
    {
        "id": 52,
        "username": "hIuxtk3fhMG",
        "password": "$2a$10$AiwgI1XdagmIAI.joVdw7u8dSIpgIFS8I74BScDS0dskrjzt1pRyC",
        "name": null,
        "role": "USER",
        "accounts": [
            {
                "id": 46,
                "accountNumber": "ACC46",
                "balance": 334.0,
                "transactions": [
                    {
                        "id": 28,
                        "amount": 334.0,
                        "type": "DEPOSIT",
                        "timestamp": "Wed Oct 22 08:10:17 UTC 2025",
                        "relatedAccountId": 46
                    }
                ]
            },
            {
                "id": 49,
                "accountNumber": "ACC49",
                "balance": 0.0,
                "transactions": [
                    
                ]
            }
        ]
    },
    {
        "id": 53,
        "username": "JML",
        "password": "$2a$10$UO62WzXBz8h.29WHHTG8zO8qfJAE1IqMAQ3FU2VPLe8GDlsHa6pd6",
        "name": null,
        "role": "USER",
        "accounts": [
            {
                "id": 50,
                "accountNumber": "ACC50",
                "balance": 15000.0,
                "transactions": [
                    {
                        "id": 30,
                        "amount": 5000.0,
                        "type": "DEPOSIT",
                        "timestamp": "Wed Oct 22 08:10:18 UTC 2025",
                        "relatedAccountId": 50
                    },
                    {
                        "id": 32,
                        "amount": 5000.0,
                        "type": "DEPOSIT",
                        "timestamp": "Wed Oct 22 08:10:18 UTC 2025",
                        "relatedAccountId": 50
                    },
                    {
                        "id": 31,
                        "amount": 5000.0,
                        "type": "DEPOSIT",
                        "timestamp": "Wed Oct 22 08:10:18 UTC 2025",
                        "relatedAccountId": 50
                    }
                ]
            },
            {
                "id": 51,
                "accountNumber": "ACC51",
                "balance": 0.0,
                "transactions": [
                    
                ]
            }
        ]
    },
    {
        "id": 54,
        "username": "C5BDeW",
        "password": "$2a$10$lIWi/dsJE1wiAMg99PzuOeT6UGWrEXBiTlGOc8gSqG93wWZlh.1au",
        "name": null,
        "role": "USER",
        "accounts": [
            
        ]
    },
    {
        "id": 55,
        "username": "qgrMCyycdtLQWdG",
        "password": "$2a$10$EI8WDQiOfzuQmFbRZcKjueCF35h2gO60ql1Ep8XT036FdL.hFFKpa",
        "name": null,
        "role": "USER",
        "accounts": [
            {
                "id": 55,
                "accountNumber": "ACC55",
                "balance": 0.0,
                "transactions": [
                    
                ]
            },
            {
                "id": 59,
                "accountNumber": "ACC59",
                "balance": 0.0,
                "transactions": [
                    
                ]
            }
        ]
    },
    {
        "id": 56,
        "username": "mVlPm5GmDdezE",
        "password": "$2a$10$U/GU21tW/qm8E8C3RO0wLueQERGppX0VVkH8.lNledD05DgDlcSp6",
        "name": null,
        "role": "USER",
        "accounts": [
            
        ]
    },
    {
        "id": 57,
        "username": "y5dpRoF3F6",
        "password": "$2a$10$Vvmkibx9xIaeIjouuFx75uVdb10UUKzBcFNRzIvYYpb9J7N8DGcoW",
        "name": null,
        "role": "USER",
        "accounts": [
            {
                "id": 54,
                "accountNumber": "ACC54",
                "balance": 0.0,
                "transactions": [
                    
                ]
            }
        ]
    },
    {
        "id": 58,
        "username": "tNzh2CFeo",
        "password": "$2a$10$qkp7xZ7eBYBztv1tukE9Ae5keJUml4urUgOWbZgGSwMjMXgQgmq0m",
        "name": null,
        "role": "USER",
        "accounts": [
            {
                "id": 53,
                "accountNumber": "ACC53",
                "balance": 0.0,
                "transactions": [
                    
                ]
            }
        ]
    },
    {
        "id": 59,
        "username": "4Ln",
        "password": "$2a$10$4C6zNSngZY7R3D7rMSxp3OjunEvNULkAu13KqgwGWHlekfKqjweFW",
        "name": null,
        "role": "USER",
        "accounts": [
            {
                "id": 56,
                "accountNumber": "ACC56",
                "balance": 95.0,
                "transactions": [
                    {
                        "id": 42,
                        "amount": 39.0,
                        "type": "TRANSFER_OUT",
                        "timestamp": "Wed Oct 22 08:12:15 UTC 2025",
                        "relatedAccountId": 60
                    },
                    {
                        "id": 41,
                        "amount": 134.0,
                        "type": "DEPOSIT",
                        "timestamp": "Wed Oct 22 08:12:15 UTC 2025",
                        "relatedAccountId": 56
                    }
                ]
            },
            {
                "id": 60,
                "accountNumber": "ACC60",
                "balance": 39.0,
                "transactions": [
                    {
                        "id": 43,
                        "amount": 39.0,
                        "type": "TRANSFER_IN",
                        "timestamp": "Wed Oct 22 08:12:15 UTC 2025",
                        "relatedAccountId": 56
                    }
                ]
            }
        ]
    },
    {
        "id": 60,
        "username": "BFaP",
        "password": "$2a$10$mkqPQhBuIi5KnbIKYVJEzOyCCdFZa/5T00sP6O7aEAdJKei2fZR2.",
        "name": null,
        "role": "USER",
        "accounts": [
            {
                "id": 57,
                "accountNumber": "ACC57",
                "balance": 3979.7669644446837,
                "transactions": [
                    {
                        "id": 39,
                        "amount": 3979.7669644446837,
                        "type": "DEPOSIT",
                        "timestamp": "Wed Oct 22 08:12:15 UTC 2025",
                        "relatedAccountId": 57
                    }
                ]
            }
        ]
    },
    {
        "id": 61,
        "username": "4sb",
        "password": "$2a$10$sw4A8DrZD.pNvVIO/vOn2OtaURM/XFiSCT.QtJFBJ6iiqABwvpZ86",
        "name": "NhKI fNJc",
        "role": "USER",
        "accounts": [
            
        ]
    },
    {
        "id": 62,
        "username": "o38z",
        "password": "$2a$10$YjkRt8CAP/nFaoficSHS1OtE84.a.iuCtWcnz0Nzkq4O.dhV.dwM.",
        "name": null,
        "role": "USER",
        "accounts": [
            {
                "id": 58,
                "accountNumber": "ACC58",
                "balance": 13.0,
                "transactions": [
                    {
                        "id": 40,
                        "amount": 13.0,
                        "type": "DEPOSIT",
                        "timestamp": "Wed Oct 22 08:12:15 UTC 2025",
                        "relatedAccountId": 58
                    }
                ]
            },
            {
                "id": 61,
                "accountNumber": "ACC61",
                "balance": 0.0,
                "transactions": [
                    
                ]
            }
        ]
    },
    {
        "id": 63,
        "username": "iZ5",
        "password": "$2a$10$XjqSGTMwKbCxw4wlkzMQ/eqpLrx0uQXQkp7vOJV2rSmKQQcmtQL9K",
        "name": null,
        "role": "USER",
        "accounts": [
            
        ]
    },
    {
        "id": 64,
        "username": "tpo6O",
        "password": "$2a$10$RINmCgP.y8TLYd9p3qRR2.cT94yNp3G/cS4VaL0OQTL8mA.DxsTMi",
        "name": null,
        "role": "USER",
        "accounts": [
            {
                "id": 62,
                "accountNumber": "ACC62",
                "balance": 0.0,
                "transactions": [
                    
                ]
            }
        ]
    }
]
]]></system-out>
  </testcase>
</testsuite>